#! /c/Source/iverilog-install/bin/vvp
:ivl_version "12.0 (devel)" "(s20150603-1539-g2693dd32b)";
:ivl_delay_selection "TYPICAL";
:vpi_time_precision - 12;
:vpi_module "D:\iverilog\iverilog\lib\ivl\system.vpi";
:vpi_module "D:\iverilog\iverilog\lib\ivl\vhdl_sys.vpi";
:vpi_module "D:\iverilog\iverilog\lib\ivl\vhdl_textio.vpi";
:vpi_module "D:\iverilog\iverilog\lib\ivl\v2005_math.vpi";
:vpi_module "D:\iverilog\iverilog\lib\ivl\va_math.vpi";
S_0000017376676530 .scope module, "tb_Q33" "tb_Q33" 2 17;
 .timescale -9 -12;
v00000173766bbe20_0 .net "F", 0 0, L_0000017376673910;  1 drivers
v00000173766bbec0_0 .var "x", 0 0;
v0000017376672860_0 .var "y", 0 0;
S_00000173766766c0 .scope module, "M0" "Q33" 2 20, 2 3 0, S_0000017376676530;
 .timescale -9 -12;
    .port_info 0 /OUTPUT 1 "F";
    .port_info 1 /INPUT 1 "X";
    .port_info 2 /INPUT 1 "Y";
L_00000173766bbf60/d .functor NOT 1, v00000173766bbec0_0, C4<0>, C4<0>, C4<0>;
L_00000173766bbf60 .delay 1 (3000,3000,3000) L_00000173766bbf60/d;
L_00000173766434a0/d .functor NOT 1, v0000017376672860_0, C4<0>, C4<0>, C4<0>;
L_00000173766434a0 .delay 1 (3000,3000,3000) L_00000173766434a0/d;
L_0000017376643600/d .functor AND 1, v00000173766bbec0_0, L_00000173766434a0, C4<1>, C4<1>;
L_0000017376643600 .delay 1 (6000,6000,6000) L_0000017376643600/d;
L_0000017376643760/d .functor AND 1, v0000017376672860_0, L_00000173766bbf60, C4<1>, C4<1>;
L_0000017376643760 .delay 1 (6000,6000,6000) L_0000017376643760/d;
L_0000017376673910/d .functor OR 1, L_0000017376643600, L_0000017376643760, C4<0>, C4<0>;
L_0000017376673910 .delay 1 (8000,8000,8000) L_0000017376673910/d;
v0000017376676850_0 .net "F", 0 0, L_0000017376673910;  alias, 1 drivers
v00000173766430c0_0 .net "X", 0 0, v00000173766bbec0_0;  1 drivers
v00000173766768f0_0 .net "Y", 0 0, v0000017376672860_0;  1 drivers
v000001737662bc30_0 .net "w1", 0 0, L_00000173766434a0;  1 drivers
v00000173766bbc40_0 .net "w2", 0 0, L_00000173766bbf60;  1 drivers
v00000173766bbce0_0 .net "w3", 0 0, L_0000017376643600;  1 drivers
v00000173766bbd80_0 .net "w4", 0 0, L_0000017376643760;  1 drivers
    .scope S_0000017376676530;
T_0 ;
    %vpi_call 2 25 "$dumpfile", "tb_Q33.vcd" {0 0 0};
    %vpi_call 2 27 "$dumpvars", 32'sb00000000000000000000000000000000, S_0000017376676530 {0 0 0};
    %end;
    .thread T_0;
    .scope S_0000017376676530;
T_1 ;
    %delay 200000, 0;
    %vpi_call 2 30 "$finish" {0 0 0};
    %end;
    .thread T_1;
    .scope S_0000017376676530;
T_2 ;
    %fork t_1, S_0000017376676530;
    %fork t_2, S_0000017376676530;
    %fork t_3, S_0000017376676530;
    %join;
    %join;
    %join;
    %jmp t_0;
t_1 ;
    %pushi/vec4 0, 0, 1;
    %store/vec4 v00000173766bbec0_0, 0, 1;
    %end;
t_2 ;
    %pushi/vec4 0, 0, 1;
    %store/vec4 v0000017376672860_0, 0, 1;
    %end;
t_3 ;
    %delay 20000, 0;
    %pushi/vec4 1, 0, 1;
    %store/vec4 v0000017376672860_0, 0, 1;
    %end;
    .scope S_0000017376676530;
t_0 ;
    %end;
    .thread T_2;
# The file index is used to find the file name in the following table.
:file_names 3;
    "N/A";
    "<interactive>";
    "3.33TB.v";
